<?xml version="1.0" encoding="UTF-8"?>
<testng-results ignored="0" total="1" passed="1" failed="0" skipped="0">
  <reporter-output>
  </reporter-output>
  <suite started-at="2024-08-11T08:27:44 IST" name="Default suite" finished-at="2024-08-11T08:27:54 IST" duration-ms="10004">
    <groups>
    </groups>
    <test started-at="2024-08-11T08:27:44 IST" name="Default test" finished-at="2024-08-11T08:27:54 IST" duration-ms="10004">
      <class name="automationTesting.SauceDemoTest">
        <test-method is-config="true" signature="setUp()[pri:0, instance:automationTesting.SauceDemoTest@7db12bb6]" started-at="2024-08-11T08:27:44 IST" name="setUp" finished-at="2024-08-11T08:27:49 IST" duration-ms="4830" status="PASS">
          <reporter-output>
          </reporter-output>
        </test-method> <!-- setUp -->
        <test-method signature="testSuccessfulLogin()[pri:0, instance:automationTesting.SauceDemoTest@7db12bb6]" started-at="2024-08-11T08:27:49 IST" name="testSuccessfulLogin" finished-at="2024-08-11T08:27:54 IST" duration-ms="4729" status="PASS">
          <reporter-output>
          </reporter-output>
        </test-method> <!-- testSuccessfulLogin -->
        <test-method is-config="true" signature="tearDown()[pri:0, instance:automationTesting.SauceDemoTest@7db12bb6]" started-at="2024-08-11T08:27:54 IST" name="tearDown" finished-at="2024-08-11T08:27:54 IST" duration-ms="360" status="PASS">
          <reporter-output>
          </reporter-output>
        </test-method> <!-- tearDown -->
      </class> <!-- automationTesting.SauceDemoTest -->
    </test> <!-- Default test -->
  </suite> <!-- Default suite -->
</testng-results>
